#-----------------------------------------------------------
# Vivado v2020.2 (64-bit)
# SW Build 3064766 on Wed Nov 18 09:12:45 MST 2020
# IP Build 3064653 on Wed Nov 18 14:17:31 MST 2020
# Start of session at: Wed Apr 19 15:10:54 2023
# Process ID: 12776
# Current directory: C:/Users/xshish01/Desktop/digital-electronics-1/projekt_vhdl/projekt_1
# Command line: vivado.exe -gui_launcher_event rodinguilauncherevent10660 C:\Users\xshish01\Desktop\digital-electronics-1\projekt_vhdl\projekt_1\projekt_1.xpr
# Log file: C:/Users/xshish01/Desktop/digital-electronics-1/projekt_vhdl/projekt_1/vivado.log
# Journal file: C:/Users/xshish01/Desktop/digital-electronics-1/projekt_vhdl/projekt_1\vivado.jou
#-----------------------------------------------------------
start_guopopen_project C:/Users/xshish01/Desktop/digital-electronics-1/projekt_vhdl/projekt_1/projekt_1.xpr
WARNING: [filemgmt 56-3] Default IP Output Path : Could not find the directory 'C:/Users/xshish01/Desktop/digital-electronics-1/projekt_vhdl/projekt_1/projekt_1.gen/sources_1'.
Scanning sources...
Finished scanning sources
INFO: [IP_Flow 19-234] Refreshing IP repositories
INFO: [IP_Flow 19-1704] No user IP repositories specified
INFO: [IP_Flow 19-2313] Loaded Vivado IP repository 'C:/appz/Xilinx/Vivado/2020.2/data/ip'opopen_project: Time (s): cpu = 00:00:10 ; elapsed = 00:00:06 . Memory (MB): peak = 998.844 ; gain = 0.00upupdate_compile_order -fileset sources_file mkdir C:/Users/xshish01/Desktop/digital-electronics-1/projekt_vhdl/projekt_1/projekt_1.srcs/sim_1/new
set_property SOURCE_SET sources_1 [get_filesets sim_1]
close [ open C:/Users/xshish01/Desktop/digital-electronics-1/projekt_vhdl/projekt_1/projekt_1.srcs/sim_1/new/control_time2.vhd w ]
add_files -fileset sim_1 C:/Users/xshish01/Desktop/digital-electronics-1/projekt_vhdl/projekt_1/projekt_1.srcs/sim_1/new/control_time2.vhd
close [ open C:/Users/xshish01/Desktop/digital-electronics-1/projekt_vhdl/projekt_1/projekt_1.srcs/sim_1/new/control_time1.vhd w ]
add_files -fileset sim_1 C:/Users/xshish01/Desktop/digital-electronics-1/projekt_vhdl/projekt_1/projekt_1.srcs/sim_1/new/control_time1.vhd
update_compile_order -fileset sim_1
export_ip_user_files -of_objects  [get_files C:/Users/xshish01/Desktop/digital-electronics-1/projekt_vhdl/projekt_1/projekt_1.srcs/sim_1/new/control_time1.vhd] -no_script -reset -force -quiet
remove_files  -fileset sim_1 C:/Users/xshish01/Desktop/digital-electronics-1/projekt_vhdl/projekt_1/projekt_1.srcs/sim_1/new/control_time1.vhd
remove_files  -fileset sim_1 C:/Users/xshish01/Desktop/digital-electronics-1/projekt_vhdl/projekt_1/projekt_1.srcs/sim_1/new/control_time1.vhd
WARNING: [Vivado 12-818] No files matched 'C:/Users/xshish01/Desktop/digital-electronics-1/projekt_vhdl/projekt_1/projekt_1.srcs/sim_1/new/control_time1.vhd'
export_ip_user_files -of_objects  [get_files C:/Users/xshish01/Desktop/digital-electronics-1/projekt_vhdl/projekt_1/projekt_1.srcs/sim_1/new/control_time2.vhd] -no_script -reset -force -quiet
remove_files  -fileset sim_1 C:/Users/xshish01/Desktop/digital-electronics-1/projekt_vhdl/projekt_1/projekt_1.srcs/sim_1/new/control_time2.vhd
remove_files  -fileset sim_1 C:/Users/xshish01/Desktop/digital-electronics-1/projekt_vhdl/projekt_1/projekt_1.srcs/sim_1/new/control_time2.vhd
WARNING: [Vivado 12-818] No files matched 'C:/Users/xshish01/Desktop/digital-electronics-1/projekt_vhdl/projekt_1/projekt_1.srcs/sim_1/new/control_time2.vhd'
close [ open C:/Users/xshish01/Desktop/digital-electronics-1/projekt_vhdl/projekt_1/projekt_1.srcs/sources_1/new/stopwatch2.vhd w ]
add_files C:/Users/xshish01/Desktop/digital-electronics-1/projekt_vhdl/projekt_1/projekt_1.srcs/sources_1/new/stopwatch2.vhd
close [ open C:/Users/xshish01/Desktop/digital-electronics-1/projekt_vhdl/projekt_1/projekt_1.srcs/sources_1/new/stopwatch1.vhd w ]
add_files C:/Users/xshish01/Desktop/digital-electronics-1/projekt_vhdl/projekt_1/projekt_1.srcs/sources_1/new/stopwatch1.vhd
update_compile_order -fileset sources_1
update_compile_order -fileset sources_1
update_compile_order -fileset sources_1
update_compile_order -fileset sources_1
update_compile_order -fileset sources_1
update_compile_order -fileset sources_1
exit
INFO: [Common 17-206] Exiting Vivado at Wed Apr 19 15:48:37 2023...
